WARNING: The directory '/root/.cache/pip' or its parent directory is not owned or is not writable by the current user. The cache has been disabled. Check the permissions and owner of that directory. If executing pip with sudo, you should use sudo's -H flag.
Collecting pytest
  Downloading pytest-9.0.1-py3-none-any.whl.metadata (7.6 kB)
Collecting pytest-cov
  Downloading pytest_cov-7.0.0-py3-none-any.whl.metadata (31 kB)
Collecting iniconfig>=1.0.1 (from pytest)
  Downloading iniconfig-2.3.0-py3-none-any.whl.metadata (2.5 kB)
Requirement already satisfied: packaging>=22 in /usr/lib/python3/dist-packages (from pytest) (24.0)
Collecting pluggy<2,>=1.5 (from pytest)
  Downloading pluggy-1.6.0-py3-none-any.whl.metadata (4.8 kB)
Collecting pygments>=2.7.2 (from pytest)
  Downloading pygments-2.19.2-py3-none-any.whl.metadata (2.5 kB)
Collecting coverage>=7.10.6 (from coverage[toml]>=7.10.6->pytest-cov)
  Downloading coverage-7.11.3-cp311-cp311-manylinux1_x86_64.manylinux_2_28_x86_64.manylinux_2_5_x86_64.whl.metadata (9.1 kB)
Downloading pytest-9.0.1-py3-none-any.whl (373 kB)
   ━━━━━━━━━━━━━━━━━━━━━━━━━━━━━━━━━━━━━━━━ 373.7/373.7 kB 3.8 MB/s eta 0:00:00
Downloading pytest_cov-7.0.0-py3-none-any.whl (22 kB)
Downloading coverage-7.11.3-cp311-cp311-manylinux1_x86_64.manylinux_2_28_x86_64.manylinux_2_5_x86_64.whl (249 kB)
   ━━━━━━━━━━━━━━━━━━━━━━━━━━━━━━━━━━━━━━━━ 249.3/249.3 kB 4.0 MB/s eta 0:00:00
Downloading iniconfig-2.3.0-py3-none-any.whl (7.5 kB)
Downloading pluggy-1.6.0-py3-none-any.whl (20 kB)
Downloading pygments-2.19.2-py3-none-any.whl (1.2 MB)
   ━━━━━━━━━━━━━━━━━━━━━━━━━━━━━━━━━━━━━━━━ 1.2/1.2 MB 3.4 MB/s eta 0:00:00
Installing collected packages: pygments, pluggy, iniconfig, coverage, pytest, pytest-cov
Successfully installed coverage-7.11.3 iniconfig-2.3.0 pluggy-1.6.0 pygments-2.19.2 pytest-9.0.1 pytest-cov-7.0.0
WARNING: Running pip as the 'root' user can result in broken permissions and conflicting behaviour with the system package manager. It is recommended to use a virtual environment instead: https://pip.pypa.io/warnings/venv
Exit code: 0
