WARNING: The directory '/root/.cache/pip' or its parent directory is not owned or is not writable by the current user. The cache has been disabled. Check the permissions and owner of that directory. If executing pip with sudo, you should use sudo's -H flag.
Collecting black
  Downloading black-25.11.0-cp311-cp311-manylinux2014_x86_64.manylinux_2_17_x86_64.manylinux_2_28_x86_64.whl.metadata (85 kB)
     ━━━━━━━━━━━━━━━━━━━━━━━━━━━━━━━━━━━━━━━━ 85.2/85.2 kB 9.4 MB/s eta 0:00:00
Collecting flake8
  Downloading flake8-7.3.0-py2.py3-none-any.whl.metadata (3.8 kB)
Collecting pylint
  Downloading pylint-4.0.3-py3-none-any.whl.metadata (12 kB)
Collecting bandit
  Downloading bandit-1.8.6-py3-none-any.whl.metadata (6.9 kB)
Collecting safety
  Downloading safety-3.7.0-py3-none-any.whl.metadata (11 kB)
Collecting click>=8.0.0 (from black)
  Downloading click-8.3.0-py3-none-any.whl.metadata (2.6 kB)
Collecting mypy-extensions>=0.4.3 (from black)
  Downloading mypy_extensions-1.1.0-py3-none-any.whl.metadata (1.1 kB)
Requirement already satisfied: packaging>=22.0 in /usr/lib/python3/dist-packages (from black) (24.0)
Collecting pathspec>=0.9.0 (from black)
  Downloading pathspec-0.12.1-py3-none-any.whl.metadata (21 kB)
Collecting platformdirs>=2 (from black)
  Downloading platformdirs-4.5.0-py3-none-any.whl.metadata (12 kB)
Collecting pytokens>=0.3.0 (from black)
  Downloading pytokens-0.3.0-py3-none-any.whl.metadata (2.0 kB)
Collecting mccabe<0.8.0,>=0.7.0 (from flake8)
  Downloading mccabe-0.7.0-py2.py3-none-any.whl.metadata (5.0 kB)
Collecting pycodestyle<2.15.0,>=2.14.0 (from flake8)
  Downloading pycodestyle-2.14.0-py2.py3-none-any.whl.metadata (4.5 kB)
Collecting pyflakes<3.5.0,>=3.4.0 (from flake8)
  Downloading pyflakes-3.4.0-py2.py3-none-any.whl.metadata (3.5 kB)
Collecting astroid<=4.1.dev0,>=4.0.2 (from pylint)
  Downloading astroid-4.0.2-py3-none-any.whl.metadata (4.4 kB)
Collecting dill>=0.3.6 (from pylint)
  Downloading dill-0.4.0-py3-none-any.whl.metadata (10 kB)
Collecting isort!=5.13,<8,>=5 (from pylint)
  Downloading isort-7.0.0-py3-none-any.whl.metadata (11 kB)
Collecting tomlkit>=0.10.1 (from pylint)
  Downloading tomlkit-0.13.3-py3-none-any.whl.metadata (2.8 kB)
Requirement already satisfied: PyYAML>=5.3.1 in /usr/lib/python3/dist-packages (from bandit) (6.0.1)
Collecting stevedore>=1.20.0 (from bandit)
  Downloading stevedore-5.5.0-py3-none-any.whl.metadata (2.2 kB)
Collecting rich (from bandit)
  Downloading rich-14.2.0-py3-none-any.whl.metadata (18 kB)
Collecting authlib>=1.2.0 (from safety)
  Downloading authlib-1.6.5-py2.py3-none-any.whl.metadata (9.8 kB)
Collecting dparse>=0.6.4 (from safety)
  Downloading dparse-0.6.4-py3-none-any.whl.metadata (5.5 kB)
Collecting filelock<4.0,>=3.16.1 (from safety)
  Downloading filelock-3.20.0-py3-none-any.whl.metadata (2.1 kB)
Collecting httpx (from safety)
  Downloading httpx-0.28.1-py3-none-any.whl.metadata (7.1 kB)
